开始运行 Hacker News 文章摘要提取器...
正在获取 Hacker News 上的前 10 篇热门文章...
成功获取 10 篇文章

正在处理第 1/10 篇文章: The best programmers I know
已完成第 1 篇文章的处理

正在处理第 2/10 篇文章: Apache ECharts
已完成第 2 篇文章的处理

正在处理第 3/10 篇文章: Hardening the Firefox Front End with Content Security Policies
已完成第 3 篇文章的处理

正在处理第 4/10 篇文章: PostgreSQL Full-Text Search: Fast When Done Right (Debunking the Slow Myth)
已完成第 4 篇文章的处理

正在处理第 5/10 篇文章: 'Sun-Like' Stars
已完成第 5 篇文章的处理

正在处理第 6/10 篇文章: Obituary for Cyc
已完成第 6 篇文章的处理

正在处理第 7/10 篇文章: Brazil's government-run payments system has become dominant
已完成第 7 篇文章的处理

正在处理第 8/10 篇文章: Show HN: DrawDB – open-source online database diagram editor (a retro)
已完成第 8 篇文章的处理

正在处理第 9/10 篇文章: Linux Kernel Defence Map – Security Hardening Concepts
已完成第 9 篇文章的处理

正在处理第 10/10 篇文章: Dockerfmt: A Dockerfile Formatter
已完成第 10 篇文章的处理
README.md 更新完成
处理完成！
Generate summary end
commit&push start
